2018-05-07 15:42:15,059 INFO o.a.j.u.JMeterUtils: Setting Locale to en_US
2018-05-07 15:42:15,085 INFO o.a.j.JMeter: Loading user properties from: user.properties
2018-05-07 15:42:15,085 INFO o.a.j.JMeter: Loading system properties from: system.properties
2018-05-07 15:42:15,091 INFO o.a.j.JMeter: Copyright (c) 1998-2018 The Apache Software Foundation
2018-05-07 15:42:15,091 INFO o.a.j.JMeter: Version 4.0 r1823414
2018-05-07 15:42:15,091 INFO o.a.j.JMeter: java.version=1.8.0_131
2018-05-07 15:42:15,091 INFO o.a.j.JMeter: java.vm.name=Java HotSpot(TM) 64-Bit Server VM
2018-05-07 15:42:15,091 INFO o.a.j.JMeter: os.name=Mac OS X
2018-05-07 15:42:15,091 INFO o.a.j.JMeter: os.arch=x86_64
2018-05-07 15:42:15,091 INFO o.a.j.JMeter: os.version=10.13.4
2018-05-07 15:42:15,091 INFO o.a.j.JMeter: file.encoding=UTF-8
2018-05-07 15:42:15,092 INFO o.a.j.JMeter: Max memory     =514850816
2018-05-07 15:42:15,092 INFO o.a.j.JMeter: Available Processors =8
2018-05-07 15:42:15,096 INFO o.a.j.JMeter: Default Locale=English (United States)
2018-05-07 15:42:15,097 INFO o.a.j.JMeter: JMeter  Locale=English (United States)
2018-05-07 15:42:15,097 INFO o.a.j.JMeter: JMeterHome=/development/eclipse/jmeter-test/target/jmeter
2018-05-07 15:42:15,097 INFO o.a.j.JMeter: user.dir  =/development/eclipse/jmeter-test/target/jmeter/bin
2018-05-07 15:42:15,097 INFO o.a.j.JMeter: PWD       =/development/eclipse/jmeter-test/target/jmeter/bin
2018-05-07 15:42:15,142 INFO o.a.j.JMeter: IP: 192.168.31.36 Name: MacBook-Pro-Konstantin.local FullName: 192.168.31.36
2018-05-07 15:42:15,144 INFO o.a.j.JMeter: Setting property 'jmeter.reportgenerator.outputdir' to:'/development/eclipse/jmeter-test/target/jmeter/reports/sos-load-lp-belistener_20180507_154213'
2018-05-07 15:42:15,147 INFO o.a.j.s.FileServer: Default base='/development/eclipse/jmeter-test/target/jmeter/bin'
2018-05-07 15:42:15,153 INFO o.a.j.s.FileServer: Set new base='/development/eclipse/jmeter-test/target/jmeter/testFiles'
2018-05-07 15:42:15,306 INFO o.a.j.s.SaveService: Testplan (JMX) version: 2.2. Testlog (JTL) version: 2.2
2018-05-07 15:42:15,326 INFO o.a.j.s.SaveService: Using SaveService properties file encoding UTF-8
2018-05-07 15:42:15,331 INFO o.a.j.s.SaveService: Using SaveService properties version 4.0
2018-05-07 15:42:15,338 INFO o.a.j.s.SaveService: Loading file: /development/eclipse/jmeter-test/target/jmeter/testFiles/sos-load-lp-belistener.jmx
2018-05-07 15:42:15,397 INFO o.a.j.p.h.s.HTTPSamplerBase: Parser for text/html is org.apache.jmeter.protocol.http.parser.LagartoBasedHtmlParser
2018-05-07 15:42:15,397 INFO o.a.j.p.h.s.HTTPSamplerBase: Parser for application/xhtml+xml is org.apache.jmeter.protocol.http.parser.LagartoBasedHtmlParser
2018-05-07 15:42:15,397 INFO o.a.j.p.h.s.HTTPSamplerBase: Parser for application/xml is org.apache.jmeter.protocol.http.parser.LagartoBasedHtmlParser
2018-05-07 15:42:15,397 INFO o.a.j.p.h.s.HTTPSamplerBase: Parser for text/xml is org.apache.jmeter.protocol.http.parser.LagartoBasedHtmlParser
2018-05-07 15:42:15,397 INFO o.a.j.p.h.s.HTTPSamplerBase: Parser for text/vnd.wap.wml is org.apache.jmeter.protocol.http.parser.RegexpHTMLParser
2018-05-07 15:42:15,397 INFO o.a.j.p.h.s.HTTPSamplerBase: Parser for text/css is org.apache.jmeter.protocol.http.parser.CssParser
2018-05-07 15:42:15,403 INFO o.a.j.p.h.s.HTTPJavaImpl: Maximum connection retries = 0
2018-05-07 15:42:15,423 INFO o.a.j.s.SampleResult: Note: Sample TimeStamps are START times
2018-05-07 15:42:15,423 INFO o.a.j.s.SampleResult: sampleresult.default.encoding is set to ISO-8859-1
2018-05-07 15:42:15,423 INFO o.a.j.s.SampleResult: sampleresult.useNanoTime=true
2018-05-07 15:42:15,423 INFO o.a.j.s.SampleResult: sampleresult.nanoThreadSleep=5000
2018-05-07 15:42:15,433 INFO o.a.j.JMeter: Creating summariser <summary>
2018-05-07 15:42:15,439 INFO o.a.j.r.d.ReportGenerator: ReportGenerator will use for Parsing the separator: ','
2018-05-07 15:42:15,440 INFO o.a.j.r.d.ReportGenerator: Will generate report at end of test from  results file: /development/eclipse/jmeter-test/target/jmeter/results/20180507-sos-load-lp-belistener.csv
2018-05-07 15:42:15,440 INFO o.a.j.r.d.ReportGenerator: Reading report generator properties from: /development/eclipse/jmeter-test/target/jmeter/bin/reportgenerator.properties
2018-05-07 15:42:15,440 INFO o.a.j.r.d.ReportGenerator: Merging with JMeter properties
2018-05-07 15:42:15,446 INFO o.a.j.r.c.ReportGeneratorConfiguration: Property 'jmeter.reportgenerator.temp_dir' not found, using default value 'temp' instead.
2018-05-07 15:42:15,449 INFO o.a.j.r.c.ReportGeneratorConfiguration: Property 'jmeter.reportgenerator.apdex_per_transaction' not found, using default value 'null' instead.
2018-05-07 15:42:15,449 INFO o.a.j.r.c.ReportGeneratorConfiguration: apdex_per_transaction : {} is empty, not APDEX per transaction customization
2018-05-07 15:42:15,449 INFO o.a.j.r.c.ReportGeneratorConfiguration: Property 'jmeter.reportgenerator.sample_filter' not found, using default value 'null' instead.
2018-05-07 15:42:15,449 INFO o.a.j.r.c.ReportGeneratorConfiguration: Property 'jmeter.reportgenerator.report_title' not found, using default value 'null' instead.
2018-05-07 15:42:15,450 INFO o.a.j.r.c.ReportGeneratorConfiguration: Property 'jmeter.reportgenerator.start_date' not found, using default value 'null' instead.
2018-05-07 15:42:15,450 INFO o.a.j.r.c.ReportGeneratorConfiguration: Property 'jmeter.reportgenerator.end_date' not found, using default value 'null' instead.
2018-05-07 15:42:15,450 INFO o.a.j.r.c.ReportGeneratorConfiguration: Property 'jmeter.reportgenerator.date_format' not found, using default value 'null' instead.
2018-05-07 15:42:15,450 INFO o.a.j.r.c.ReportGeneratorConfiguration: Will use date range start date: null, end date: null
2018-05-07 15:42:15,456 INFO o.a.j.r.c.ReportGeneratorConfiguration: Property 'jmeter.reportgenerator.graph.activeThreadsOverTime.exclude_controllers' not found, using default value 'false' instead.
2018-05-07 15:42:15,456 INFO o.a.j.r.c.ReportGeneratorConfiguration: Property 'jmeter.reportgenerator.graph.timeVsThreads.exclude_controllers' not found, using default value 'false' instead.
2018-05-07 15:42:15,457 INFO o.a.j.r.c.ReportGeneratorConfiguration: Property 'jmeter.reportgenerator.graph.responseTimeDistribution.exclude_controllers' not found, using default value 'false' instead.
2018-05-07 15:42:15,457 INFO o.a.j.r.c.ReportGeneratorConfiguration: Property 'jmeter.reportgenerator.graph.transactionsPerSecond.exclude_controllers' not found, using default value 'false' instead.
2018-05-07 15:42:15,457 INFO o.a.j.r.c.ReportGeneratorConfiguration: Property 'jmeter.reportgenerator.graph.responseTimePercentiles.exclude_controllers' not found, using default value 'false' instead.
2018-05-07 15:42:15,457 INFO o.a.j.r.c.ReportGeneratorConfiguration: Property 'jmeter.reportgenerator.graph.responseTimePercentilesOverTime.exclude_controllers' not found, using default value 'false' instead.
2018-05-07 15:42:15,457 INFO o.a.j.r.c.ReportGeneratorConfiguration: Property 'jmeter.reportgenerator.graph.responseTimesOverTime.exclude_controllers' not found, using default value 'false' instead.
2018-05-07 15:42:15,458 INFO o.a.j.r.c.ReportGeneratorConfiguration: Property 'jmeter.reportgenerator.graph.connectTimeOverTime.exclude_controllers' not found, using default value 'false' instead.
2018-05-07 15:42:15,458 INFO o.a.j.r.c.ReportGeneratorConfiguration: Property 'jmeter.reportgenerator.graph.latenciesOverTime.exclude_controllers' not found, using default value 'false' instead.
2018-05-07 15:42:15,459 INFO o.a.j.r.c.ReportGeneratorConfiguration: Property 'jmeter.reportgenerator.exporter.html.filters_only_sample_series' not found, using default value 'true' instead.
2018-05-07 15:42:15,459 INFO o.a.j.r.c.ReportGeneratorConfiguration: Property 'jmeter.reportgenerator.exporter.html.series_filter' not found, using default value '' instead.
2018-05-07 15:42:15,459 INFO o.a.j.r.c.ReportGeneratorConfiguration: Property 'jmeter.reportgenerator.exporter.html.show_controllers_only' not found, using default value 'false' instead.
2018-05-07 15:42:15,465 INFO o.a.j.e.StandardJMeterEngine: Running the test!
2018-05-07 15:42:15,466 INFO o.a.j.s.SampleEvent: List of sample_variables: []
2018-05-07 15:42:15,466 INFO o.a.j.s.SampleEvent: List of sample_variables: []
2018-05-07 15:42:15,472 INFO o.a.j.e.u.CompoundVariable: Note: Function class names must contain the string: '.functions.'
2018-05-07 15:42:15,472 INFO o.a.j.e.u.CompoundVariable: Note: Function class names must not contain the string: '.gui.'
2018-05-07 15:42:16,489 INFO o.a.j.v.b.BackendListener: Backend Listener: Starting worker with class: class org.apache.jmeter.visualizers.backend.influxdb.InfluxdbBackendListenerClient and queue capacity: 5000
2018-05-07 15:42:16,491 INFO o.a.j.v.b.BackendListener: Backend Listener: Started  worker with class: class org.apache.jmeter.visualizers.backend.influxdb.InfluxdbBackendListenerClient
2018-05-07 15:42:16,811 INFO o.a.j.JMeter: Running test (1525696936811)
2018-05-07 15:42:16,915 INFO o.a.j.e.StandardJMeterEngine: Starting ThreadGroup: 1 : Thread Group
2018-05-07 15:42:16,915 INFO o.a.j.e.StandardJMeterEngine: Starting 5 threads for group Thread Group.
2018-05-07 15:42:16,915 INFO o.a.j.e.StandardJMeterEngine: Thread will continue on error
2018-05-07 15:42:16,915 INFO o.a.j.t.ThreadGroup: Starting thread group... number=1 threads=5 ramp-up=30 perThread=6000.0 delayedStart=false
2018-05-07 15:42:16,920 INFO o.a.j.t.JMeterThread: Thread started: Thread Group 1-1
2018-05-07 15:42:16,923 INFO o.a.j.t.ThreadGroup: Started thread group number 1
2018-05-07 15:42:16,923 INFO o.a.j.e.StandardJMeterEngine: All thread groups have been started
2018-05-07 15:42:16,932 INFO o.a.j.u.JsseSSLManager: Using default SSL protocol: TLS
2018-05-07 15:42:16,932 INFO o.a.j.u.JsseSSLManager: SSL session context: per-thread
2018-05-07 15:42:16,946 INFO o.a.j.u.SSLManager: JmeterKeyStore Location:  type JKS
2018-05-07 15:42:16,947 INFO o.a.j.u.SSLManager: KeyStore created OK
2018-05-07 15:42:16,947 WARN o.a.j.u.SSLManager: Keystore file not found, loading empty keystore
2018-05-07 15:42:21,211 INFO o.a.j.t.JMeterThread: Thread is done: Thread Group 1-1
2018-05-07 15:42:21,211 INFO o.a.j.t.JMeterThread: Thread finished: Thread Group 1-1
2018-05-07 15:42:22,922 INFO o.a.j.t.JMeterThread: Thread started: Thread Group 1-2
2018-05-07 15:42:27,110 INFO o.a.j.t.JMeterThread: Thread is done: Thread Group 1-2
2018-05-07 15:42:27,111 INFO o.a.j.t.JMeterThread: Thread finished: Thread Group 1-2
2018-05-07 15:42:28,927 INFO o.a.j.t.JMeterThread: Thread started: Thread Group 1-3
2018-05-07 15:42:30,252 INFO o.a.j.r.Summariser: summary +     23 in 00:00:13 =    1.7/s Avg:   424 Min:   368 Max:   749 Err:     0 (0.00%) Active: 1 Started: 3 Finished: 2
2018-05-07 15:42:33,119 INFO o.a.j.t.JMeterThread: Thread is done: Thread Group 1-3
2018-05-07 15:42:33,119 INFO o.a.j.t.JMeterThread: Thread finished: Thread Group 1-3
2018-05-07 15:42:34,926 INFO o.a.j.t.JMeterThread: Thread started: Thread Group 1-4
2018-05-07 15:42:39,105 INFO o.a.j.t.JMeterThread: Thread is done: Thread Group 1-4
2018-05-07 15:42:39,105 INFO o.a.j.t.JMeterThread: Thread finished: Thread Group 1-4
2018-05-07 15:42:40,926 INFO o.a.j.t.JMeterThread: Thread started: Thread Group 1-5
2018-05-07 15:42:45,107 INFO o.a.j.t.JMeterThread: Thread is done: Thread Group 1-5
2018-05-07 15:42:45,107 INFO o.a.j.t.JMeterThread: Thread finished: Thread Group 1-5
2018-05-07 15:42:45,107 INFO o.a.j.e.StandardJMeterEngine: Notifying test listeners of end of test
2018-05-07 15:42:45,108 INFO o.a.j.v.b.BackendListener: Worker ended
2018-05-07 15:42:45,109 INFO o.a.j.v.b.i.InfluxdbBackendListenerClient: Sending last metrics
2018-05-07 15:42:45,110 INFO o.a.j.v.b.i.HttpMetricsSender: Destroying 
2018-05-07 15:42:45,120 INFO o.a.j.r.Summariser: summary +     27 in 00:00:15 =    1.8/s Avg:   414 Min:   369 Max:   508 Err:     0 (0.00%) Active: 0 Started: 5 Finished: 5
2018-05-07 15:42:45,120 INFO o.a.j.r.Summariser: summary =     50 in 00:00:28 =    1.8/s Avg:   419 Min:   368 Max:   749 Err:     0 (0.00%)
2018-05-07 15:42:45,121 INFO o.a.j.JMeter: Generating Dashboard
2018-05-07 15:42:45,121 INFO o.a.j.r.d.ReportGenerator: Flushing result collector before report Generation
2018-05-07 15:42:45,130 INFO o.a.j.r.p.NormalizerSampleConsumer: Using format, 'ms', to parse timeStamp field
2018-05-07 15:42:45,184 INFO o.a.j.r.p.AbstractSampleConsumer: class org.apache.jmeter.report.processor.AggregateConsumer#stopProducing(): beginDate produced 0 samples
2018-05-07 15:42:45,184 INFO o.a.j.r.p.AbstractSampleConsumer: class org.apache.jmeter.report.processor.AggregateConsumer#stopProducing(): endDate produced 0 samples
2018-05-07 15:42:45,186 INFO o.a.j.r.p.AbstractSampleConsumer: class org.apache.jmeter.report.processor.ApdexSummaryConsumer#stopProducing(): apdexSummary produced 0 samples
2018-05-07 15:42:45,186 INFO o.a.j.r.p.AbstractSampleConsumer: class org.apache.jmeter.report.processor.RequestsSummaryConsumer#stopProducing(): requestsSummary produced 0 samples
2018-05-07 15:42:45,187 INFO o.a.j.r.p.AbstractSampleConsumer: class org.apache.jmeter.report.processor.StatisticsSummaryConsumer#stopProducing(): statisticsSummary produced 0 samples
2018-05-07 15:42:45,193 INFO o.a.j.r.p.AbstractSampleConsumer: class org.apache.jmeter.report.processor.Top5ErrorsBySamplerConsumer#stopProducing(): top5ErrorsBySampler produced 0 samples
2018-05-07 15:42:45,193 INFO o.a.j.r.p.AbstractSampleConsumer: class org.apache.jmeter.report.processor.ErrorsSummaryConsumer#stopProducing(): errorsSummary produced 0 samples
2018-05-07 15:42:45,193 INFO o.a.j.r.p.AbstractSampleConsumer: class org.apache.jmeter.report.processor.graph.impl.HitsPerSecondGraphConsumer#stopProducing(): hitsPerSecond produced 0 samples
2018-05-07 15:42:45,204 INFO o.a.j.r.p.AbstractSampleConsumer: class org.apache.jmeter.report.processor.graph.impl.LatencyVSRequestGraphConsumer#stopProducing(): latencyVsRequest produced 0 samples
2018-05-07 15:42:45,205 INFO o.a.j.r.p.AbstractSampleConsumer: class org.apache.jmeter.report.processor.graph.impl.SyntheticResponseTimeDistributionGraphConsumer#stopProducing(): syntheticResponseTimeDistribution produced 0 samples
2018-05-07 15:42:45,205 INFO o.a.j.r.p.AbstractSampleConsumer: class org.apache.jmeter.report.processor.graph.impl.BytesThroughputGraphConsumer#stopProducing(): bytesThroughputOverTime produced 0 samples
2018-05-07 15:42:45,205 INFO o.a.j.r.p.AbstractSampleConsumer: class org.apache.jmeter.report.processor.graph.impl.CodesPerSecondGraphConsumer#stopProducing(): codesPerSecond produced 0 samples
2018-05-07 15:42:45,210 INFO o.a.j.r.p.AbstractSampleConsumer: class org.apache.jmeter.report.processor.graph.impl.ResponseTimeVSRequestGraphConsumer#stopProducing(): responseTimeVsRequest produced 0 samples
2018-05-07 15:42:45,210 INFO o.a.j.r.p.AbstractSampleConsumer: class org.apache.jmeter.report.processor.FilterConsumer#stopProducing(): startIntervalControlerFilter produced 350 samples
2018-05-07 15:42:45,210 INFO o.a.j.r.p.AbstractSampleConsumer: class org.apache.jmeter.report.processor.graph.impl.ActiveThreadsGraphConsumer#stopProducing(): activeThreadsOverTime produced 0 samples
2018-05-07 15:42:45,211 INFO o.a.j.r.p.AbstractSampleConsumer: class org.apache.jmeter.report.processor.graph.impl.TimeVSThreadGraphConsumer#stopProducing(): timeVsThreads produced 0 samples
2018-05-07 15:42:45,211 INFO o.a.j.r.p.AbstractSampleConsumer: class org.apache.jmeter.report.processor.graph.impl.ResponseTimeDistributionGraphConsumer#stopProducing(): responseTimeDistribution produced 0 samples
2018-05-07 15:42:45,211 INFO o.a.j.r.p.AbstractSampleConsumer: class org.apache.jmeter.report.processor.graph.impl.TransactionsPerSecondGraphConsumer#stopProducing(): transactionsPerSecond produced 0 samples
2018-05-07 15:42:45,212 INFO o.a.j.r.p.AbstractSampleConsumer: class org.apache.jmeter.report.processor.graph.impl.ResponseTimePercentilesGraphConsumer#stopProducing(): responseTimePercentiles produced 0 samples
2018-05-07 15:42:45,217 INFO o.a.j.r.p.AbstractSampleConsumer: class org.apache.jmeter.report.processor.graph.impl.ResponseTimePercentilesOverTimeGraphConsumer#stopProducing(): responseTimePercentilesOverTime produced 0 samples
2018-05-07 15:42:45,217 INFO o.a.j.r.p.AbstractSampleConsumer: class org.apache.jmeter.report.processor.graph.impl.ResponseTimeOverTimeGraphConsumer#stopProducing(): responseTimesOverTime produced 0 samples
2018-05-07 15:42:45,217 INFO o.a.j.r.p.AbstractSampleConsumer: class org.apache.jmeter.report.processor.graph.impl.ConnectTimeOverTimeGraphConsumer#stopProducing(): connectTimeOverTime produced 0 samples
2018-05-07 15:42:45,218 INFO o.a.j.r.p.AbstractSampleConsumer: class org.apache.jmeter.report.processor.graph.impl.LatencyOverTimeGraphConsumer#stopProducing(): latenciesOverTime produced 0 samples
2018-05-07 15:42:45,218 INFO o.a.j.r.p.AbstractSampleConsumer: class org.apache.jmeter.report.processor.FilterConsumer#stopProducing(): nameFilter produced 700 samples
2018-05-07 15:42:45,218 INFO o.a.j.r.p.AbstractSampleConsumer: class org.apache.jmeter.report.processor.FilterConsumer#stopProducing(): dateRangeFilter produced 150 samples
2018-05-07 15:42:45,218 INFO o.a.j.r.p.AbstractSampleConsumer: class org.apache.jmeter.report.processor.NormalizerSampleConsumer#stopProducing(): normalizer produced 50 samples
2018-05-07 15:42:45,218 INFO o.a.j.r.p.CsvFileSampleSource: produce(): 50 samples produced in 77ms on channel 0
2018-05-07 15:42:45,218 INFO o.a.j.r.d.ReportGenerator: Exporting data using exporter:'html' of className:'org.apache.jmeter.report.dashboard.HtmlTemplateExporter'
2018-05-07 15:42:45,220 INFO o.a.j.r.d.HtmlTemplateExporter: Will generate dashboard in folder: /development/eclipse/jmeter-test/target/jmeter/reports/sos-load-lp-belistener_20180507_154213
2018-05-07 15:42:45,322 INFO o.a.j.r.d.HtmlTemplateExporter: Report will be generated in: /development/eclipse/jmeter-test/target/jmeter/reports/sos-load-lp-belistener_20180507_154213, creating folder structure
2018-05-07 15:42:45,583 INFO o.a.j.JMeter: Dashboard generated
