2018-05-02 10:53:42,507 INFO o.a.j.u.JMeterUtils: Setting Locale to en_US
2018-05-02 10:53:42,547 INFO o.a.j.JMeter: Loading user properties from: user.properties
2018-05-02 10:53:42,547 INFO o.a.j.JMeter: Loading system properties from: system.properties
2018-05-02 10:53:42,555 INFO o.a.j.JMeter: Copyright (c) 1998-2018 The Apache Software Foundation
2018-05-02 10:53:42,556 INFO o.a.j.JMeter: Version 4.0 r1823414
2018-05-02 10:53:42,556 INFO o.a.j.JMeter: java.version=1.8.0_131
2018-05-02 10:53:42,556 INFO o.a.j.JMeter: java.vm.name=Java HotSpot(TM) 64-Bit Server VM
2018-05-02 10:53:42,556 INFO o.a.j.JMeter: os.name=Mac OS X
2018-05-02 10:53:42,556 INFO o.a.j.JMeter: os.arch=x86_64
2018-05-02 10:53:42,556 INFO o.a.j.JMeter: os.version=10.13.4
2018-05-02 10:53:42,556 INFO o.a.j.JMeter: file.encoding=UTF-8
2018-05-02 10:53:42,556 INFO o.a.j.JMeter: Max memory     =514850816
2018-05-02 10:53:42,557 INFO o.a.j.JMeter: Available Processors =8
2018-05-02 10:53:42,562 INFO o.a.j.JMeter: Default Locale=English (United States)
2018-05-02 10:53:42,563 INFO o.a.j.JMeter: JMeter  Locale=English (United States)
2018-05-02 10:53:42,563 INFO o.a.j.JMeter: JMeterHome=/development/eclipse/jmeter-test/target/jmeter
2018-05-02 10:53:42,563 INFO o.a.j.JMeter: user.dir  =/development/eclipse/jmeter-test/target/jmeter/bin
2018-05-02 10:53:42,563 INFO o.a.j.JMeter: PWD       =/development/eclipse/jmeter-test/target/jmeter/bin
2018-05-02 10:53:42,617 INFO o.a.j.JMeter: IP: 192.168.31.36 Name: MacBook-Pro-Konstantin.local FullName: 192.168.31.36
2018-05-02 10:53:42,620 INFO o.a.j.JMeter: Setting property 'jmeter.reportgenerator.outputdir' to:'/development/eclipse/jmeter-test/target/jmeter/reports/sos-load-lp_20180502_105341'
2018-05-02 10:53:42,623 INFO o.a.j.s.FileServer: Default base='/development/eclipse/jmeter-test/target/jmeter/bin'
2018-05-02 10:53:42,630 INFO o.a.j.s.FileServer: Set new base='/development/eclipse/jmeter-test/target/jmeter/testFiles'
2018-05-02 10:53:42,830 INFO o.a.j.s.SaveService: Testplan (JMX) version: 2.2. Testlog (JTL) version: 2.2
2018-05-02 10:53:42,851 INFO o.a.j.s.SaveService: Using SaveService properties file encoding UTF-8
2018-05-02 10:53:42,856 INFO o.a.j.s.SaveService: Using SaveService properties version 4.0
2018-05-02 10:53:42,863 INFO o.a.j.s.SaveService: Loading file: /development/eclipse/jmeter-test/target/jmeter/testFiles/sos-load-lp.jmx
2018-05-02 10:53:42,926 INFO o.a.j.p.h.s.HTTPSamplerBase: Parser for text/html is org.apache.jmeter.protocol.http.parser.LagartoBasedHtmlParser
2018-05-02 10:53:42,927 INFO o.a.j.p.h.s.HTTPSamplerBase: Parser for application/xhtml+xml is org.apache.jmeter.protocol.http.parser.LagartoBasedHtmlParser
2018-05-02 10:53:42,927 INFO o.a.j.p.h.s.HTTPSamplerBase: Parser for application/xml is org.apache.jmeter.protocol.http.parser.LagartoBasedHtmlParser
2018-05-02 10:53:42,927 INFO o.a.j.p.h.s.HTTPSamplerBase: Parser for text/xml is org.apache.jmeter.protocol.http.parser.LagartoBasedHtmlParser
2018-05-02 10:53:42,927 INFO o.a.j.p.h.s.HTTPSamplerBase: Parser for text/vnd.wap.wml is org.apache.jmeter.protocol.http.parser.RegexpHTMLParser
2018-05-02 10:53:42,927 INFO o.a.j.p.h.s.HTTPSamplerBase: Parser for text/css is org.apache.jmeter.protocol.http.parser.CssParser
2018-05-02 10:53:42,934 INFO o.a.j.p.h.s.HTTPJavaImpl: Maximum connection retries = 0
2018-05-02 10:53:42,956 INFO o.a.j.JMeter: Creating summariser <summary>
2018-05-02 10:53:42,962 INFO o.a.j.r.d.ReportGenerator: ReportGenerator will use for Parsing the separator: ','
2018-05-02 10:53:42,962 INFO o.a.j.r.d.ReportGenerator: Will generate report at end of test from  results file: /development/eclipse/jmeter-test/target/jmeter/results/20180502-sos-load-lp.csv
2018-05-02 10:53:42,962 INFO o.a.j.r.d.ReportGenerator: Reading report generator properties from: /development/eclipse/jmeter-test/target/jmeter/bin/reportgenerator.properties
2018-05-02 10:53:42,963 INFO o.a.j.r.d.ReportGenerator: Merging with JMeter properties
2018-05-02 10:53:42,968 INFO o.a.j.r.c.ReportGeneratorConfiguration: Property 'jmeter.reportgenerator.temp_dir' not found, using default value 'temp' instead.
2018-05-02 10:53:42,971 INFO o.a.j.r.c.ReportGeneratorConfiguration: Property 'jmeter.reportgenerator.apdex_per_transaction' not found, using default value 'null' instead.
2018-05-02 10:53:42,971 INFO o.a.j.r.c.ReportGeneratorConfiguration: apdex_per_transaction : {} is empty, not APDEX per transaction customization
2018-05-02 10:53:42,971 INFO o.a.j.r.c.ReportGeneratorConfiguration: Property 'jmeter.reportgenerator.sample_filter' not found, using default value 'null' instead.
2018-05-02 10:53:42,971 INFO o.a.j.r.c.ReportGeneratorConfiguration: Property 'jmeter.reportgenerator.report_title' not found, using default value 'null' instead.
2018-05-02 10:53:42,971 INFO o.a.j.r.c.ReportGeneratorConfiguration: Property 'jmeter.reportgenerator.start_date' not found, using default value 'null' instead.
2018-05-02 10:53:42,971 INFO o.a.j.r.c.ReportGeneratorConfiguration: Property 'jmeter.reportgenerator.end_date' not found, using default value 'null' instead.
2018-05-02 10:53:42,972 INFO o.a.j.r.c.ReportGeneratorConfiguration: Property 'jmeter.reportgenerator.date_format' not found, using default value 'null' instead.
2018-05-02 10:53:42,972 INFO o.a.j.r.c.ReportGeneratorConfiguration: Will use date range start date: null, end date: null
2018-05-02 10:53:42,978 INFO o.a.j.r.c.ReportGeneratorConfiguration: Property 'jmeter.reportgenerator.graph.activeThreadsOverTime.exclude_controllers' not found, using default value 'false' instead.
2018-05-02 10:53:42,978 INFO o.a.j.r.c.ReportGeneratorConfiguration: Property 'jmeter.reportgenerator.graph.timeVsThreads.exclude_controllers' not found, using default value 'false' instead.
2018-05-02 10:53:42,978 INFO o.a.j.r.c.ReportGeneratorConfiguration: Property 'jmeter.reportgenerator.graph.responseTimeDistribution.exclude_controllers' not found, using default value 'false' instead.
2018-05-02 10:53:42,978 INFO o.a.j.r.c.ReportGeneratorConfiguration: Property 'jmeter.reportgenerator.graph.transactionsPerSecond.exclude_controllers' not found, using default value 'false' instead.
2018-05-02 10:53:42,978 INFO o.a.j.r.c.ReportGeneratorConfiguration: Property 'jmeter.reportgenerator.graph.responseTimePercentiles.exclude_controllers' not found, using default value 'false' instead.
2018-05-02 10:53:42,979 INFO o.a.j.r.c.ReportGeneratorConfiguration: Property 'jmeter.reportgenerator.graph.responseTimePercentilesOverTime.exclude_controllers' not found, using default value 'false' instead.
2018-05-02 10:53:42,979 INFO o.a.j.r.c.ReportGeneratorConfiguration: Property 'jmeter.reportgenerator.graph.responseTimesOverTime.exclude_controllers' not found, using default value 'false' instead.
2018-05-02 10:53:42,979 INFO o.a.j.r.c.ReportGeneratorConfiguration: Property 'jmeter.reportgenerator.graph.connectTimeOverTime.exclude_controllers' not found, using default value 'false' instead.
2018-05-02 10:53:42,979 INFO o.a.j.r.c.ReportGeneratorConfiguration: Property 'jmeter.reportgenerator.graph.latenciesOverTime.exclude_controllers' not found, using default value 'false' instead.
2018-05-02 10:53:42,980 INFO o.a.j.r.c.ReportGeneratorConfiguration: Property 'jmeter.reportgenerator.exporter.html.filters_only_sample_series' not found, using default value 'true' instead.
2018-05-02 10:53:42,980 INFO o.a.j.r.c.ReportGeneratorConfiguration: Property 'jmeter.reportgenerator.exporter.html.series_filter' not found, using default value '' instead.
2018-05-02 10:53:42,980 INFO o.a.j.r.c.ReportGeneratorConfiguration: Property 'jmeter.reportgenerator.exporter.html.show_controllers_only' not found, using default value 'false' instead.
2018-05-02 10:53:42,986 INFO o.a.j.e.StandardJMeterEngine: Running the test!
2018-05-02 10:53:42,986 INFO o.a.j.s.SampleEvent: List of sample_variables: []
2018-05-02 10:53:42,987 INFO o.a.j.s.SampleEvent: List of sample_variables: []
2018-05-02 10:53:42,992 INFO o.a.j.e.u.CompoundVariable: Note: Function class names must contain the string: '.functions.'
2018-05-02 10:53:42,992 INFO o.a.j.e.u.CompoundVariable: Note: Function class names must not contain the string: '.gui.'
2018-05-02 10:53:44,007 INFO o.a.j.JMeter: Running test (1525247624007)
2018-05-02 10:53:44,092 INFO o.a.j.e.StandardJMeterEngine: Starting ThreadGroup: 1 : Thread Group
2018-05-02 10:53:44,092 INFO o.a.j.e.StandardJMeterEngine: Starting 5 threads for group Thread Group.
2018-05-02 10:53:44,092 INFO o.a.j.e.StandardJMeterEngine: Thread will continue on error
2018-05-02 10:53:44,092 INFO o.a.j.t.ThreadGroup: Starting thread group... number=1 threads=5 ramp-up=60 perThread=12000.0 delayedStart=false
2018-05-02 10:53:44,098 INFO o.a.j.t.JMeterThread: Thread started: Thread Group 1-1
2018-05-02 10:53:44,100 INFO o.a.j.t.ThreadGroup: Started thread group number 1
2018-05-02 10:53:44,101 INFO o.a.j.e.StandardJMeterEngine: All thread groups have been started
2018-05-02 10:53:44,105 INFO o.a.j.s.SampleResult: Note: Sample TimeStamps are START times
2018-05-02 10:53:44,105 INFO o.a.j.s.SampleResult: sampleresult.default.encoding is set to ISO-8859-1
2018-05-02 10:53:44,105 INFO o.a.j.s.SampleResult: sampleresult.useNanoTime=true
2018-05-02 10:53:44,105 INFO o.a.j.s.SampleResult: sampleresult.nanoThreadSleep=5000
2018-05-02 10:53:44,107 INFO o.a.j.u.JsseSSLManager: Using default SSL protocol: TLS
2018-05-02 10:53:44,107 INFO o.a.j.u.JsseSSLManager: SSL session context: per-thread
2018-05-02 10:53:44,255 INFO o.a.j.u.SSLManager: JmeterKeyStore Location:  type JKS
2018-05-02 10:53:44,258 INFO o.a.j.u.SSLManager: KeyStore created OK
2018-05-02 10:53:44,258 WARN o.a.j.u.SSLManager: Keystore file not found, loading empty keystore
2018-05-02 10:53:56,102 INFO o.a.j.t.JMeterThread: Thread started: Thread Group 1-2
2018-05-02 10:54:00,246 INFO o.a.j.r.Summariser: summary +     43 in 00:00:16 =    2.6/s Avg:   454 Min:   374 Max:  1369 Err:     0 (0.00%) Active: 2 Started: 2 Finished: 0
2018-05-02 10:54:08,103 INFO o.a.j.t.JMeterThread: Thread started: Thread Group 1-3
2018-05-02 10:54:20,101 INFO o.a.j.t.JMeterThread: Thread started: Thread Group 1-4
2018-05-02 10:54:24,261 INFO o.a.j.t.JMeterThread: Thread is done: Thread Group 1-2
2018-05-02 10:54:24,261 INFO o.a.j.t.JMeterThread: Thread finished: Thread Group 1-2
2018-05-02 10:54:24,410 INFO o.a.j.t.JMeterThread: Thread is done: Thread Group 1-1
2018-05-02 10:54:24,410 INFO o.a.j.t.JMeterThread: Thread finished: Thread Group 1-1
2018-05-02 10:54:28,249 INFO o.a.j.t.JMeterThread: Thread is done: Thread Group 1-3
2018-05-02 10:54:28,249 INFO o.a.j.t.JMeterThread: Thread finished: Thread Group 1-3
2018-05-02 10:54:30,133 INFO o.a.j.r.Summariser: summary +    132 in 00:00:30 =    4.4/s Avg:   598 Min:   368 Max:  4512 Err:     0 (0.00%) Active: 1 Started: 4 Finished: 3
2018-05-02 10:54:30,134 INFO o.a.j.r.Summariser: summary =    175 in 00:00:46 =    3.8/s Avg:   563 Min:   368 Max:  4512 Err:     0 (0.00%)
2018-05-02 10:54:32,102 INFO o.a.j.t.JMeterThread: Thread started: Thread Group 1-5
2018-05-02 10:54:40,045 INFO o.a.j.t.JMeterThread: Thread is done: Thread Group 1-4
2018-05-02 10:54:40,046 INFO o.a.j.t.JMeterThread: Thread finished: Thread Group 1-4
2018-05-02 10:54:51,645 INFO o.a.j.t.JMeterThread: Thread is done: Thread Group 1-5
2018-05-02 10:54:51,646 INFO o.a.j.t.JMeterThread: Thread finished: Thread Group 1-5
2018-05-02 10:54:51,646 INFO o.a.j.e.StandardJMeterEngine: Notifying test listeners of end of test
2018-05-02 10:54:51,647 INFO o.a.j.r.Summariser: summary +     75 in 00:00:22 =    3.5/s Avg:   392 Min:   365 Max:   477 Err:     0 (0.00%) Active: 0 Started: 5 Finished: 5
2018-05-02 10:54:51,647 INFO o.a.j.r.Summariser: summary =    250 in 00:01:08 =    3.7/s Avg:   511 Min:   365 Max:  4512 Err:     0 (0.00%)
2018-05-02 10:54:51,647 INFO o.a.j.JMeter: Generating Dashboard
2018-05-02 10:54:51,648 INFO o.a.j.r.d.ReportGenerator: Flushing result collector before report Generation
2018-05-02 10:54:51,658 INFO o.a.j.r.p.NormalizerSampleConsumer: Using format, 'ms', to parse timeStamp field
2018-05-02 10:54:51,773 INFO o.a.j.r.p.AbstractSampleConsumer: class org.apache.jmeter.report.processor.AggregateConsumer#stopProducing(): beginDate produced 0 samples
2018-05-02 10:54:51,773 INFO o.a.j.r.p.AbstractSampleConsumer: class org.apache.jmeter.report.processor.AggregateConsumer#stopProducing(): endDate produced 0 samples
2018-05-02 10:54:51,777 INFO o.a.j.r.p.AbstractSampleConsumer: class org.apache.jmeter.report.processor.ApdexSummaryConsumer#stopProducing(): apdexSummary produced 0 samples
2018-05-02 10:54:51,777 INFO o.a.j.r.p.AbstractSampleConsumer: class org.apache.jmeter.report.processor.RequestsSummaryConsumer#stopProducing(): requestsSummary produced 0 samples
2018-05-02 10:54:51,785 INFO o.a.j.r.p.AbstractSampleConsumer: class org.apache.jmeter.report.processor.StatisticsSummaryConsumer#stopProducing(): statisticsSummary produced 0 samples
2018-05-02 10:54:51,790 INFO o.a.j.r.p.AbstractSampleConsumer: class org.apache.jmeter.report.processor.Top5ErrorsBySamplerConsumer#stopProducing(): top5ErrorsBySampler produced 0 samples
2018-05-02 10:54:51,790 INFO o.a.j.r.p.AbstractSampleConsumer: class org.apache.jmeter.report.processor.ErrorsSummaryConsumer#stopProducing(): errorsSummary produced 0 samples
2018-05-02 10:54:51,790 INFO o.a.j.r.p.AbstractSampleConsumer: class org.apache.jmeter.report.processor.graph.impl.HitsPerSecondGraphConsumer#stopProducing(): hitsPerSecond produced 0 samples
2018-05-02 10:54:51,805 INFO o.a.j.r.p.AbstractSampleConsumer: class org.apache.jmeter.report.processor.graph.impl.LatencyVSRequestGraphConsumer#stopProducing(): latencyVsRequest produced 0 samples
2018-05-02 10:54:51,805 INFO o.a.j.r.p.AbstractSampleConsumer: class org.apache.jmeter.report.processor.graph.impl.SyntheticResponseTimeDistributionGraphConsumer#stopProducing(): syntheticResponseTimeDistribution produced 0 samples
2018-05-02 10:54:51,806 INFO o.a.j.r.p.AbstractSampleConsumer: class org.apache.jmeter.report.processor.graph.impl.BytesThroughputGraphConsumer#stopProducing(): bytesThroughputOverTime produced 0 samples
2018-05-02 10:54:51,806 INFO o.a.j.r.p.AbstractSampleConsumer: class org.apache.jmeter.report.processor.graph.impl.CodesPerSecondGraphConsumer#stopProducing(): codesPerSecond produced 0 samples
2018-05-02 10:54:51,815 INFO o.a.j.r.p.AbstractSampleConsumer: class org.apache.jmeter.report.processor.graph.impl.ResponseTimeVSRequestGraphConsumer#stopProducing(): responseTimeVsRequest produced 0 samples
2018-05-02 10:54:51,815 INFO o.a.j.r.p.AbstractSampleConsumer: class org.apache.jmeter.report.processor.FilterConsumer#stopProducing(): startIntervalControlerFilter produced 1750 samples
2018-05-02 10:54:51,815 INFO o.a.j.r.p.AbstractSampleConsumer: class org.apache.jmeter.report.processor.graph.impl.ActiveThreadsGraphConsumer#stopProducing(): activeThreadsOverTime produced 0 samples
2018-05-02 10:54:51,815 INFO o.a.j.r.p.AbstractSampleConsumer: class org.apache.jmeter.report.processor.graph.impl.TimeVSThreadGraphConsumer#stopProducing(): timeVsThreads produced 0 samples
2018-05-02 10:54:51,819 INFO o.a.j.r.p.AbstractSampleConsumer: class org.apache.jmeter.report.processor.graph.impl.ResponseTimeDistributionGraphConsumer#stopProducing(): responseTimeDistribution produced 0 samples
2018-05-02 10:54:51,820 INFO o.a.j.r.p.AbstractSampleConsumer: class org.apache.jmeter.report.processor.graph.impl.TransactionsPerSecondGraphConsumer#stopProducing(): transactionsPerSecond produced 0 samples
2018-05-02 10:54:51,821 INFO o.a.j.r.p.AbstractSampleConsumer: class org.apache.jmeter.report.processor.graph.impl.ResponseTimePercentilesGraphConsumer#stopProducing(): responseTimePercentiles produced 0 samples
2018-05-02 10:54:51,833 INFO o.a.j.r.p.AbstractSampleConsumer: class org.apache.jmeter.report.processor.graph.impl.ResponseTimePercentilesOverTimeGraphConsumer#stopProducing(): responseTimePercentilesOverTime produced 0 samples
2018-05-02 10:54:51,834 INFO o.a.j.r.p.AbstractSampleConsumer: class org.apache.jmeter.report.processor.graph.impl.ResponseTimeOverTimeGraphConsumer#stopProducing(): responseTimesOverTime produced 0 samples
2018-05-02 10:54:51,834 INFO o.a.j.r.p.AbstractSampleConsumer: class org.apache.jmeter.report.processor.graph.impl.ConnectTimeOverTimeGraphConsumer#stopProducing(): connectTimeOverTime produced 0 samples
2018-05-02 10:54:51,834 INFO o.a.j.r.p.AbstractSampleConsumer: class org.apache.jmeter.report.processor.graph.impl.LatencyOverTimeGraphConsumer#stopProducing(): latenciesOverTime produced 0 samples
2018-05-02 10:54:51,835 INFO o.a.j.r.p.AbstractSampleConsumer: class org.apache.jmeter.report.processor.FilterConsumer#stopProducing(): nameFilter produced 3500 samples
2018-05-02 10:54:51,835 INFO o.a.j.r.p.AbstractSampleConsumer: class org.apache.jmeter.report.processor.FilterConsumer#stopProducing(): dateRangeFilter produced 750 samples
2018-05-02 10:54:51,835 INFO o.a.j.r.p.AbstractSampleConsumer: class org.apache.jmeter.report.processor.NormalizerSampleConsumer#stopProducing(): normalizer produced 250 samples
2018-05-02 10:54:51,835 INFO o.a.j.r.p.CsvFileSampleSource: produce(): 250 samples produced in 166ms on channel 0
2018-05-02 10:54:51,835 INFO o.a.j.r.d.ReportGenerator: Exporting data using exporter:'html' of className:'org.apache.jmeter.report.dashboard.HtmlTemplateExporter'
2018-05-02 10:54:51,837 INFO o.a.j.r.d.HtmlTemplateExporter: Will generate dashboard in folder: /development/eclipse/jmeter-test/target/jmeter/reports/sos-load-lp_20180502_105341
2018-05-02 10:54:51,977 INFO o.a.j.r.d.HtmlTemplateExporter: Report will be generated in: /development/eclipse/jmeter-test/target/jmeter/reports/sos-load-lp_20180502_105341, creating folder structure
2018-05-02 10:54:52,292 INFO o.a.j.JMeter: Dashboard generated
